<?xml version="1.0" encoding="UTF-8"?>
<!-- Generated by org.testng.reporters.JUnitReportReporter -->
<testsuite hostname="LAPTOP-K0KFB0KG" failures="0" tests="1" name="test.LoginTest" time="11.293" errors="0" timestamp="2023-07-27T11:28:12 CDT" skipped="0">
  <testcase classname="test.LoginTest" name="validUserShouldBeAbleLogin" time="11.293"/>
</testsuite> <!-- test.LoginTest -->
