<?xml version="1.0" encoding="UTF-8"?>
<!-- Generated by org.testng.reporters.JUnitReportReporter -->
<testsuite hostname="LAPTOP-K0KFB0KG" failures="0" tests="1" name="test.LoginTest" time="13.657" errors="0" timestamp="2023-07-24T10:04:56 CDT" skipped="0">
  <testcase classname="test.LoginTest" name="validUserShouldBeAbleToLogin" time="13.657"/>
</testsuite> <!-- test.LoginTest -->
